<?xml version="1.0" encoding="UTF-8"?>
<testsuite xmlns:xsi="http://www.w3.org/2001/XMLSchema-instance" xsi:noNamespaceSchemaLocation="https://maven.apache.org/surefire/maven-surefire-plugin/xsd/surefire-test-report-3.0.xsd" version="3.0" name="runner.TestRunner" time="1.45" tests="2" errors="0" skipped="0" failures="0">
  <properties>
[...]
</properties>
  <testcase name="runScenario[&quot;Login with valid credentials&quot;, &quot;Login functionality&quot;](1)" classname="runner.TestRunner" time="0.147">
    <system-out><![CDATA[
&amp#27;[1mScenario:&amp#27;[22m Login with valid credentials           &amp#27;[90m# src/test/resources/login.feature:3&amp#27;[39m
User is on login page
  &amp#27;[32m✔&amp#27;[39m &amp#27;[32m&amp#27;[1mGiven &amp#27;[22muser is on login page&amp#27;[39m                  &amp#27;[90m# StepDefinitions.LoginSteps.user_is_on_login_page()&amp#27;[39m
Entered valid credentials
  &amp#27;[32m✔&amp#27;[39m &amp#27;[32m&amp#27;[1mWhen &amp#27;[22muser enters valid username and password&amp#27;[39m &amp#27;[90m# StepDefinitions.LoginSteps.valid_credentials()&amp#27;[39m
Clicked login button
  &amp#27;[32m✔&amp#27;[39m &amp#27;[32m&amp#27;[1mAnd &amp#27;[22mclicks on login button&amp#27;[39m                   &amp#27;[90m# StepDefinitions.LoginSteps.click_login()&amp#27;[39m
Login success
  &amp#27;[32m✔&amp#27;[39m &amp#27;[32m&amp#27;[1mThen &amp#27;[22muser should be navigated to home page&amp#27;[39m   &amp#27;[90m# StepDefinitions.LoginSteps.success()&amp#27;[39m
]]></system-out>
    <system-err><![CDATA[SLF4J(W): No SLF4J providers were found.
SLF4J(W): Defaulting to no-operation (NOP) logger implementation
SLF4J(W): See https://www.slf4j.org/codes.html#noProviders for further details.
]]></system-err>
  </testcase>
  <testcase name="runScenario[&quot;Login with invalid credentials&quot;, &quot;Login functionality&quot;](2)" classname="runner.TestRunner" time="0.002">
    <system-out><![CDATA[
&amp#27;[1mScenario:&amp#27;[22m Login with invalid credentials           &amp#27;[90m# src/test/resources/login.feature:9&amp#27;[39m
User is on login page
  &amp#27;[32m✔&amp#27;[39m &amp#27;[32m&amp#27;[1mGiven &amp#27;[22muser is on login page&amp#27;[39m                    &amp#27;[90m# StepDefinitions.LoginSteps.user_is_on_login_page()&amp#27;[39m
Entered invalid credentials
  &amp#27;[32m✔&amp#27;[39m &amp#27;[32m&amp#27;[1mWhen &amp#27;[22muser enters invalid username and password&amp#27;[39m &amp#27;[90m# StepDefinitions.LoginSteps.invalid_credentials()&amp#27;[39m
Clicked login button
  &amp#27;[32m✔&amp#27;[39m &amp#27;[32m&amp#27;[1mAnd &amp#27;[22mclicks on login button&amp#27;[39m                     &amp#27;[90m# StepDefinitions.LoginSteps.click_login()&amp#27;[39m
Login failed
  &amp#27;[32m✔&amp#27;[39m &amp#27;[32m&amp#27;[1mThen &amp#27;[22merror message should be displayed&amp#27;[39m         &amp#27;[90m# StepDefinitions.LoginSteps.error()&amp#27;[39m
]]></system-out>
  </testcase>
</testsuite>