<?xml version="1.0" encoding="UTF-8"?>
<testsuite xmlns:xsi="http://www.w3.org/2001/XMLSchema-instance" xsi:noNamespaceSchemaLocation="https://maven.apache.org/surefire/maven-surefire-plugin/xsd/surefire-test-report-3.0.xsd" version="3.0" name="TestSuite" time="22.171" tests="7" errors="0" skipped="0" failures="0">
  <properties>
[...]
</properties>
  <testcase name="runScenario[&quot;Add two numbers&quot;, &quot;Addition of two numbers&quot;](1)" classname="runner.TestRunner" time="0.158">
    <system-out><![CDATA[
@Addition
Scenario: Add two numbers            # src/test/resources/AdditionOf2Numbers.feature:4
Starting scenario: Add two numbers
  ✔ Given I have two numbers 6 and 7 # StepDefinitions.AdditionSteps.i_have_two_numbers(int,int)
  ✔ When I add them                  # StepDefinitions.AdditionSteps.i_add_them()
Result: 13
  ✔ Then the result should be 13     # StepDefinitions.AdditionSteps.the_result_should_be(int)
Finished scenario: Add two numbers
]]></system-out>
    <system-err><![CDATA[SLF4J(W): No SLF4J providers were found.
SLF4J(W): Defaulting to no-operation (NOP) logger implementation
SLF4J(W): See https://www.slf4j.org/codes.html#noProviders for further details.
]]></system-err>
  </testcase>
  <testcase name="runScenario[&quot;Verify status code for GET /users endpoint&quot;, &quot;User API Validation&quot;](2)" classname="runner.TestRunner" time="1.204">
    <system-out><![CDATA[
@Api
Scenario: Verify status code for GET /users endpoint             # src/test/resources/Api.feature:7
  ✔ Given the base URI is "https://jsonplaceholder.typicode.com" # StepDefinitions.ApiSteps.setBaseURI(java.lang.String)
HTTP/1.1 200 OK
Date: Sat, 25 Apr 2026 04:40:12 GMT
Content-Type: application/json; charset=utf-8
Content-Length: 1847
Connection: keep-alive
access-control-allow-credentials: true
Cache-Control: max-age=43200
Content-Encoding: gzip
etag: W/"160d-1eMSsxeJRfnVLRBmYJSbCiJZ1qQ"
expires: -1
nel: {"report_to":"heroku-nel","response_headers":["Via"],"max_age":3600,"success_fraction":0.01,"failure_fraction":0.1}
pragma: no-cache
report-to: {"group":"heroku-nel","endpoints":[{"url":"https://nel.heroku.com/reports?s=Z7q34uvNEtuSxKgxKljCobEpYxwHHDebiXYELORMPpw%3D\u0026sid=e11707d5-02a7-43ef-b45e-2cf4d2036f7d\u0026ts=1776866553"}],"max_age":3600}
reporting-endpoints: heroku-nel="https://nel.heroku.com/reports?s=Z7q34uvNEtuSxKgxKljCobEpYxwHHDebiXYELORMPpw%3D&sid=e11707d5-02a7-43ef-b45e-2cf4d2036f7d&ts=1776866553"
Server: cloudflare
vary: Origin, Accept-Encoding
via: 2.0 heroku-router
x-content-type-options: nosniff
x-powered-by: Express
x-ratelimit-limit: 1000
x-ratelimit-remaining: 999
x-ratelimit-reset: 1776866556
Age: 23846
Accept-Ranges: bytes
cf-cache-status: HIT
CF-RAY: 9f1aab17b91a5f35-SIN
alt-svc: h3=":443"; ma=86400

[
    {
        "id": 1,
        "name": "Leanne Graham",
        "username": "Bret",
        "email": "Sincere@april.biz",
        "address": {
            "street": "Kulas Light",
            "suite": "Apt. 556",
            "city": "Gwenborough",
            "zipcode": "92998-3874",
            "geo": {
                "lat": "-37.3159",
                "lng": "81.1496"
            }
        },
        "phone": "1-770-736-8031 x56442",
        "website": "hildegard.org",
        "company": {
            "name": "Romaguera-Crona",
            "catchPhrase": "Multi-layered client-server neural-net",
            "bs": "harness real-time e-markets"
        }
    },
    {
        "id": 2,
        "name": "Ervin Howell",
        "username": "Antonette",
        "email": "Shanna@melissa.tv",
        "address": {
            "street": "Victor Plains",
            "suite": "Suite 879",
            "city": "Wisokyburgh",
            "zipcode": "90566-7771",
            "geo": {
                "lat": "-43.9509",
                "lng": "-34.4618"
            }
        },
        "phone": "010-692-6593 x09125",
        "website": "anastasia.net",
        "company": {
            "name": "Deckow-Crist",
            "catchPhrase": "Proactive didactic contingency",
            "bs": "synergize scalable supply-chains"
        }
    },
    {
        "id": 3,
        "name": "Clementine Bauch",
        "username": "Samantha",
        "email": "Nathan@yesenia.net",
        "address": {
            "street": "Douglas Extension",
            "suite": "Suite 847",
            "city": "McKenziehaven",
            "zipcode": "59590-4157",
            "geo": {
                "lat": "-68.6102",
                "lng": "-47.0653"
            }
        },
        "phone": "1-463-123-4447",
        "website": "ramiro.info",
        "company": {
            "name": "Romaguera-Jacobson",
            "catchPhrase": "Face to face bifurcated interface",
            "bs": "e-enable strategic applications"
        }
    },
    {
        "id": 4,
        "name": "Patricia Lebsack",
        "username": "Karianne",
        "email": "Julianne.OConner@kory.org",
        "address": {
            "street": "Hoeger Mall",
            "suite": "Apt. 692",
            "city": "South Elvis",
            "zipcode": "53919-4257",
            "geo": {
                "lat": "29.4572",
                "lng": "-164.2990"
            }
        },
        "phone": "493-170-9623 x156",
        "website": "kale.biz",
        "company": {
            "name": "Robel-Corkery",
            "catchPhrase": "Multi-tiered zero tolerance productivity",
            "bs": "transition cutting-edge web services"
        }
    },
    {
        "id": 5,
        "name": "Chelsey Dietrich",
        "username": "Kamren",
        "email": "Lucio_Hettinger@annie.ca",
        "address": {
            "street": "Skiles Walks",
            "suite": "Suite 351",
            "city": "Roscoeview",
            "zipcode": "33263",
            "geo": {
                "lat": "-31.8129",
                "lng": "62.5342"
            }
        },
        "phone": "(254)954-1289",
        "website": "demarco.info",
        "company": {
            "name": "Keebler LLC",
            "catchPhrase": "User-centric fault-tolerant solution",
            "bs": "revolutionize end-to-end systems"
        }
    },
    {
        "id": 6,
        "name": "Mrs. Dennis Schulist",
        "username": "Leopoldo_Corkery",
        "email": "Karley_Dach@jasper.info",
        "address": {
            "street": "Norberto Crossing",
            "suite": "Apt. 950",
            "city": "South Christy",
            "zipcode": "23505-1337",
            "geo": {
                "lat": "-71.4197",
                "lng": "71.7478"
            }
        },
        "phone": "1-477-935-8478 x6430",
        "website": "ola.org",
        "company": {
            "name": "Considine-Lockman",
            "catchPhrase": "Synchronised bottom-line interface",
            "bs": "e-enable innovative applications"
        }
    },
    {
        "id": 7,
        "name": "Kurtis Weissnat",
        "username": "Elwyn.Skiles",
        "email": "Telly.Hoeger@billy.biz",
        "address": {
            "street": "Rex Trail",
            "suite": "Suite 280",
            "city": "Howemouth",
            "zipcode": "58804-1099",
            "geo": {
                "lat": "24.8918",
                "lng": "21.8984"
            }
        },
        "phone": "210.067.6132",
        "website": "elvis.io",
        "company": {
            "name": "Johns Group",
            "catchPhrase": "Configurable multimedia task-force",
            "bs": "generate enterprise e-tailers"
        }
    },
    {
        "id": 8,
        "name": "Nicholas Runolfsdottir V",
        "username": "Maxime_Nienow",
        "email": "Sherwood@rosamond.me",
        "address": {
            "street": "Ellsworth Summit",
            "suite": "Suite 729",
            "city": "Aliyaview",
            "zipcode": "45169",
            "geo": {
                "lat": "-14.3990",
                "lng": "-120.7677"
            }
        },
        "phone": "586.493.6943 x140",
        "website": "jacynthe.com",
        "company": {
            "name": "Abernathy Group",
            "catchPhrase": "Implemented secondary concept",
            "bs": "e-enable extensible e-tailers"
        }
    },
    {
        "id": 9,
        "name": "Glenna Reichert",
        "username": "Delphine",
        "email": "Chaim_McDermott@dana.io",
        "address": {
            "street": "Dayna Park",
            "suite": "Suite 449",
            "city": "Bartholomebury",
            "zipcode": "76495-3109",
            "geo": {
                "lat": "24.6463",
                "lng": "-168.8889"
            }
        },
        "phone": "(775)976-6794 x41206",
        "website": "conrad.com",
        "company": {
            "name": "Yost and Sons",
            "catchPhrase": "Switchable contextually-based project",
            "bs": "aggregate real-time technologies"
        }
    },
    {
        "id": 10,
        "name": "Clementina DuBuque",
        "username": "Moriah.Stanton",
        "email": "Rey.Padberg@karina.biz",
        "address": {
            "street": "Kattie Turnpike",
            "suite": "Suite 198",
            "city": "Lebsackbury",
            "zipcode": "31428-2261",
            "geo": {
                "lat": "-38.2386",
                "lng": "57.2232"
            }
        },
        "phone": "024-648-3804",
        "website": "ambrose.net",
        "company": {
            "name": "Hoeger LLC",
            "catchPhrase": "Centralized empowering task-force",
            "bs": "target end-to-end models"
        }
    }
]
  ✔ When I send a GET request to "/users"                        # StepDefinitions.ApiSteps.sendGETRequest(java.lang.String)
  ✔ Then the response status code should be 200                  # StepDefinitions.ApiSteps.validateStatusCode(int)
]]></system-out>
  </testcase>
  <testcase name="runScenario[&quot;Verify user details for a specific user&quot;, &quot;User API Validation&quot;](3)" classname="runner.TestRunner" time="0.556">
    <system-out><![CDATA[
@Api
Scenario: Verify user details for a specific user                # src/test/resources/Api.feature:11
  ✔ Given the base URI is "https://jsonplaceholder.typicode.com" # StepDefinitions.ApiSteps.setBaseURI(java.lang.String)
HTTP/1.1 200 OK
Date: Sat, 25 Apr 2026 04:40:13 GMT
Content-Type: application/json; charset=utf-8
Transfer-Encoding: chunked
Connection: keep-alive
access-control-allow-credentials: true
Cache-Control: max-age=43200
etag: W/"1fd-+2Y3G3w049iSZtw5t1mzSnunngE"
expires: -1
nel: {"report_to":"heroku-nel","response_headers":["Via"],"max_age":3600,"success_fraction":0.01,"failure_fraction":0.1}
pragma: no-cache
report-to: {"group":"heroku-nel","endpoints":[{"url":"https://nel.heroku.com/reports?s=7ZrGpNkaj9GfftNsoHuoLMB2zSah79nWPpIvfFxbSrU%3D\u0026sid=e11707d5-02a7-43ef-b45e-2cf4d2036f7d\u0026ts=1776335395"}],"max_age":3600}
reporting-endpoints: heroku-nel="https://nel.heroku.com/reports?s=7ZrGpNkaj9GfftNsoHuoLMB2zSah79nWPpIvfFxbSrU%3D&sid=e11707d5-02a7-43ef-b45e-2cf4d2036f7d&ts=1776335395"
Server: cloudflare
vary: Origin, Accept-Encoding
via: 2.0 heroku-router
x-content-type-options: nosniff
x-powered-by: Express
x-ratelimit-limit: 1000
x-ratelimit-remaining: 999
x-ratelimit-reset: 1776335405
Age: 7454
cf-cache-status: HIT
Content-Encoding: gzip
CF-RAY: 9f1aab19a833696d-SIN
alt-svc: h3=":443"; ma=86400

{
    "id": 1,
    "name": "Leanne Graham",
    "username": "Bret",
    "email": "Sincere@april.biz",
    "address": {
        "street": "Kulas Light",
        "suite": "Apt. 556",
        "city": "Gwenborough",
        "zipcode": "92998-3874",
        "geo": {
            "lat": "-37.3159",
            "lng": "81.1496"
        }
    },
    "phone": "1-770-736-8031 x56442",
    "website": "hildegard.org",
    "company": {
        "name": "Romaguera-Crona",
        "catchPhrase": "Multi-layered client-server neural-net",
        "bs": "harness real-time e-markets"
    }
}
  ✔ When I send a GET request to "/users/1"                      # StepDefinitions.ApiSteps.sendGETRequest(java.lang.String)
  ✔ Then the response status code should be 200                  # StepDefinitions.ApiSteps.validateStatusCode(int)
  ✔ And the response field "id" should be 1                      # StepDefinitions.ApiSteps.validateIntegerField(java.lang.String,int)
  ✔ And the response field "username" should be "Bret"           # StepDefinitions.ApiSteps.validateStringField(java.lang.String,java.lang.String)
]]></system-out>
  </testcase>
  <testcase name="runScenario[&quot;Login with valid credentials&quot;, &quot;Login functionality&quot;](4)" classname="runner.TestRunner" time="10.363">
    <system-out><![CDATA[
@Login @Sanity
Scenario Outline: Login with valid credentials               # src/test/resources/LoginScenarioOutline.feature:14
  ✔ Given user is on the website login page                  # StepDefinitions.LoginScenarioOutlineSteps.user_is_on_login_page()
  ✔ When user enters valid "student" and valid "Password123" # StepDefinitions.LoginScenarioOutlineSteps.user_enters_valid_username_and_password_outline(java.lang.String,java.lang.String)
  ✔ And user clicks on the submit button                     # StepDefinitions.LoginScenarioOutlineSteps.user_clicks_on_submit_button()
  ✔ Then user should be navigated to the home page           # StepDefinitions.LoginScenarioOutlineSteps.user_should_be_navigated_to_success_page()
]]></system-out>
  </testcase>
  <testcase name="runScenario[&quot;Login with invalid credentials&quot;, &quot;Login functionality&quot;](5)" classname="runner.TestRunner" time="9.127">
    <system-out><![CDATA[
@Login @Regression @Smoke
Scenario Outline: Login with invalid credentials                     # src/test/resources/LoginScenarioOutline.feature:24
  ✔ Given user is on the website login page                          # StepDefinitions.LoginScenarioOutlineSteps.user_is_on_login_page()
  ✔ When user enters invalid "wrongUser" and invalid "wrongPassword" # StepDefinitions.LoginScenarioOutlineSteps.user_enters_invalid_username_and_password_outline(java.lang.String,java.lang.String)
  ✔ And user clicks on the submit button                             # StepDefinitions.LoginScenarioOutlineSteps.user_clicks_on_submit_button()
  ✔ Then error message should be displayed on the page               # StepDefinitions.LoginScenarioOutlineSteps.user_should_see_error_message()
]]></system-out>
  </testcase>
  <testcase name="runScenario[&quot;Login with valid credentials&quot;, &quot;Login functionality&quot;](6)" classname="runner.TestRunner" time="0.014">
    <system-out><![CDATA[
@Smoke
Scenario: Login with valid credentials           # src/test/resources/login.feature:4
User is on login page
  ✔ Given user is on login page                  # StepDefinitions.LoginSteps.user_is_on_login_page()
Entered valid credentials
  ✔ When user enters valid username and password # StepDefinitions.LoginSteps.valid_credentials()
Clicked login button
  ✔ And clicks on login button                   # StepDefinitions.LoginSteps.click_login()
Login success
  ✔ Then user should be navigated to home page   # StepDefinitions.LoginSteps.success()
]]></system-out>
  </testcase>
  <testcase name="runScenario[&quot;Login with invalid credentials&quot;, &quot;Login functionality&quot;](7)" classname="runner.TestRunner" time="0.0">
    <system-out><![CDATA[
@Sanity
Scenario: Login with invalid credentials           # src/test/resources/login.feature:11
User is on login page
  ✔ Given user is on login page                    # StepDefinitions.LoginSteps.user_is_on_login_page()
Entered invalid credentials
  ✔ When user enters invalid username and password # StepDefinitions.LoginSteps.invalid_credentials()
Clicked login button
  ✔ And clicks on login button                     # StepDefinitions.LoginSteps.click_login()
Login failed
  ✔ Then error message should be displayed         # StepDefinitions.LoginSteps.error()
]]></system-out>
  </testcase>
</testsuite>