<?xml version="1.0" encoding="UTF-8"?>
<!-- Generated by org.testng.reporters.JUnitReportReporter -->
<testsuite hostname="AnuShish" failures="0" tests="7" name="runner.TestRunner" time="21.421" errors="0" timestamp="2026-04-25T10:10:32 IST" skipped="0">
  <testcase classname="runner.TestRunner" name="runScenario" time="10.364"/>
  <testcase classname="runner.TestRunner" name="runScenario" time="1.206"/>
  <testcase classname="runner.TestRunner" name="runScenario" time="0.155"/>
  <testcase classname="runner.TestRunner" name="runScenario" time="0.556"/>
  <testcase classname="runner.TestRunner" name="runScenario" time="0.005"/>
  <testcase classname="runner.TestRunner" name="runScenario" time="0.007"/>
  <testcase classname="runner.TestRunner" name="runScenario" time="9.128"/>
</testsuite> <!-- runner.TestRunner -->
